[16:57:05] [Thread-4/INFO]: [STDOUT]: SERVER enter state: DORMANT
[16:57:05] [EnvServerSocketHandler/INFO]: Received Mission token 4febbb6d-9c79-4d46-9d0a-b8740f5d8471:0:0:1:true:164
[16:57:05] [EnvServerSocketHandler/INFO]: Received mission init command  <MissionInit xmlns="http://ProjectMalmo.microsoft.com" xmlns:xsi="http://www.w3.org/2001/XMLSchema-instance" SchemaVersion="" PlatformVersion="0.37.0"><Mission><About><Summary>MineRLHumanSurvival-v0</Summary></About><ModSettings><MsPerTick>50</MsPerTick></ModSettings><ServerSection><ServerInitialConditions><Time><AllowPassageOfTime>true</AllowPassageOfTime></Time><AllowSpawning>true</AllowSpawning></ServerInitialConditions><ServerHandlers><DefaultWorldGenerator forceReset="true" generatorOptions="{}"/><ServerQuitWhenAnyAgentFinishes/></ServerHandlers></ServerSection><AgentSection mode="Survival"><Name>MineRLAgent0</Name><AgentStart><LowLevelInputs>true</LowLevelInputs><GuiScale>1.0</GuiScale><GammaSetting>2.0</GammaSetting><FOVSetting>70.0</FOVSetting><FakeCursorSize>16</FakeCursorSize></AgentStart><AgentHandlers><FileBasedPerformanceProducer/><PauseCommand/><VideoProducer want_depth="false"><Width>640</Width><Height>360</Height></VideoProducer><ObservationFromFullInventory flat="false"/><ObservationFromEquippedItem/><ObservationFromFullStats/><ObservationFromFullStats/><HumanLevelCommands/><CameraCommands/><IsGuiOpen/></AgentHandlers></AgentSection></Mission><ExperimentUID>4febbb6d-9c79-4d46-9d0a-b8740f5d8471</ExperimentUID><ClientRole>0</ClientRole><ClientAgentConnection><ClientIPAddress>127.0.0.1</ClientIPAddress><ClientMissionControlPort>0</ClientMissionControlPort><ClientCommandsPort>0</ClientCommandsPort><AgentIPAddress>127.0.0.1</AgentIPAddress><AgentMissionControlPort>0</AgentMissionControlPort><AgentVideoPort>0</AgentVideoPort><AgentDepthPort>0</AgentDepthPort><AgentLuminancePort>0</AgentLuminancePort><AgentObservationsPort>0</AgentObservationsPort><AgentRewardsPort>0</AgentRewardsPort><AgentColourMapPort>0</AgentColourMapPort></ClientAgentConnection></MissionInit>
[16:57:06] [EnvServerSocketHandler/INFO]: [STDOUT]: Setting width, height to 640, 360
[16:57:06] [EnvServerSocketHandler/INFO]: [STDOUT]: Gamma: 2.0
[16:57:06] [EnvServerSocketHandler/INFO]: [STDOUT]: FOV: 70.0
[16:57:06] [EnvServerSocketHandler/INFO]: [STDOUT]: GuiScale: 1.0
[16:57:06] [Render thread/WARN]: Ambiguity between arguments [teleport, destination] and [teleport, targets] with inputs: [Player, 0123, @e, dd12be42-52a9-4a91-a8a1-11c01849e498]
[16:57:06] [Render thread/WARN]: Ambiguity between arguments [teleport, location] and [teleport, destination] with inputs: [0.1 -0.5 .9, 0 0 0]
[16:57:06] [Render thread/WARN]: Ambiguity between arguments [teleport, location] and [teleport, targets] with inputs: [0.1 -0.5 .9, 0 0 0]
[16:57:06] [Render thread/WARN]: Ambiguity between arguments [teleport, targets] and [teleport, destination] with inputs: [Player, 0123, dd12be42-52a9-4a91-a8a1-11c01849e498]
[16:57:06] [Render thread/WARN]: Ambiguity between arguments [teleport, targets, location] and [teleport, targets, destination] with inputs: [0.1 -0.5 .9, 0 0 0]
[16:57:06] [Render thread/INFO]: Reloading ResourceManager: Default
[16:57:06] [Render thread/INFO]: Loaded 7 recipes
[16:57:06] [Render thread/INFO]: Loaded 927 advancements
[16:57:07] [Render thread/INFO]: Environment: authHost='https://authserver.mojang.com', accountsHost='https://api.mojang.com', sessionHost='https://sessionserver.mojang.com', servicesHost='https://api.minecraftservices.com', name='PROD'
[16:57:07] [Render thread/INFO]: Starting integrated minecraft server version 1.16.5
[16:57:07] [Render thread/INFO]: Generating keypair
[16:57:10] [Render thread/INFO]: Preparing start region for dimension minecraft:overworld
[16:57:16] [Render thread/INFO]: Changing view distance to 11, from 10
[16:57:16] [Render thread/INFO]: MineRLAgent0[local:E:35b38ba3] logged in with entity id 138 at (94.5, 63.0, 409.5)
[16:57:16] [Render thread/INFO]: MineRLAgent0 joined the game
[16:57:16] [Render thread/INFO]: [STDOUT]: *** creating fake mouse cursor ***
[16:57:16] [Render thread/INFO]: Preparing spawn area: 30%
[16:57:16] [Render thread/INFO]: Time elapsed: 1 ms
[16:57:16] [Render thread/INFO]: [STDOUT]: Starting new video null
[16:57:16] [Render thread/INFO]: Saving and pausing game...
[16:57:16] [Render thread/INFO]: Saving chunks for level 'ServerLevel[mcpworld2f5ecbea8718]'/minecraft:overworld
[16:57:17] [Render thread/INFO]: Saving chunks for level 'ServerLevel[mcpworld2f5ecbea8718]'/minecraft:the_nether
[16:57:17] [Render thread/INFO]: Saving chunks for level 'ServerLevel[mcpworld2f5ecbea8718]'/minecraft:the_end
[16:57:17] [Render thread/INFO]: Loaded 0 advancements
[16:57:18] [EnvServerSocketHandler/INFO]: [STDOUT]: custom.time_since_rest
[16:57:18] [EnvServerSocketHandler/INFO]: [STDOUT]: custom.play_one_minute
[16:57:18] [EnvServerSocketHandler/INFO]: [STDOUT]: custom.time_since_death
[16:57:19] [EnvServerSocketHandler/INFO]: [STDOUT]: custom.time_since_rest
[16:57:19] [EnvServerSocketHandler/INFO]: [STDOUT]: custom.play_one_minute
[16:57:19] [EnvServerSocketHandler/INFO]: [STDOUT]: custom.time_since_death
[16:57:19] [EnvServerSocketHandler/INFO]: [STDOUT]: custom.time_since_rest
[16:57:19] [EnvServerSocketHandler/INFO]: [STDOUT]: custom.play_one_minute
[16:57:19] [EnvServerSocketHandler/INFO]: [STDOUT]: custom.time_since_death
[16:57:19] [EnvServerSocketHandler/INFO]: [STDOUT]: custom.time_since_rest
[16:57:19] [EnvServerSocketHandler/INFO]: [STDOUT]: custom.play_one_minute
[16:57:19] [EnvServerSocketHandler/INFO]: [STDOUT]: custom.time_since_death
[16:57:19] [EnvServerSocketHandler/INFO]: [STDOUT]: custom.time_since_rest
[16:57:19] [EnvServerSocketHandler/INFO]: [STDOUT]: custom.play_one_minute
[16:57:19] [EnvServerSocketHandler/INFO]: [STDOUT]: custom.time_since_death
[16:57:19] [EnvServerSocketHandler/INFO]: [STDOUT]: custom.time_since_rest
[16:57:19] [EnvServerSocketHandler/INFO]: [STDOUT]: custom.play_one_minute
[16:57:19] [EnvServerSocketHandler/INFO]: [STDOUT]: custom.time_since_death
[16:57:19] [EnvServerSocketHandler/INFO]: [STDOUT]: custom.time_since_rest
[16:57:19] [EnvServerSocketHandler/INFO]: [STDOUT]: custom.play_one_minute
[16:57:19] [EnvServerSocketHandler/INFO]: [STDOUT]: custom.time_since_death
[16:57:19] [EnvServerSocketHandler/INFO]: [STDOUT]: custom.time_since_rest
[16:57:19] [EnvServerSocketHandler/INFO]: [STDOUT]: custom.play_one_minute
[16:57:19] [EnvServerSocketHandler/INFO]: [STDOUT]: custom.time_since_death
[16:57:19] [EnvServerSocketHandler/INFO]: [STDOUT]: custom.time_since_rest
[16:57:19] [EnvServerSocketHandler/INFO]: [STDOUT]: custom.play_one_minute
[16:57:19] [EnvServerSocketHandler/INFO]: [STDOUT]: custom.time_since_death
[16:57:19] [EnvServerSocketHandler/INFO]: [STDOUT]: custom.time_since_rest
[16:57:19] [EnvServerSocketHandler/INFO]: [STDOUT]: custom.play_one_minute
[16:57:19] [EnvServerSocketHandler/INFO]: [STDOUT]: custom.time_since_death
[16:57:20] [EnvServerSocketHandler/INFO]: [STDOUT]: custom.time_since_rest
[16:57:20] [EnvServerSocketHandler/INFO]: [STDOUT]: custom.play_one_minute
[16:57:20] [EnvServerSocketHandler/INFO]: [STDOUT]: custom.time_since_death
[16:57:20] [EnvServerSocketHandler/INFO]: [STDOUT]: custom.time_since_rest
[16:57:20] [EnvServerSocketHandler/INFO]: [STDOUT]: custom.play_one_minute
[16:57:20] [EnvServerSocketHandler/INFO]: [STDOUT]: custom.time_since_death
[16:57:20] [EnvServerSocketHandler/INFO]: [STDOUT]: custom.time_since_rest
[16:57:20] [EnvServerSocketHandler/INFO]: [STDOUT]: custom.play_one_minute
[16:57:20] [EnvServerSocketHandler/INFO]: [STDOUT]: custom.time_since_death
[16:57:20] [EnvServerSocketHandler/INFO]: [STDOUT]: custom.time_since_rest
[16:57:20] [EnvServerSocketHandler/INFO]: [STDOUT]: custom.play_one_minute
[16:57:20] [EnvServerSocketHandler/INFO]: [STDOUT]: custom.time_since_death
[16:57:21] [EnvServerSocketHandler/INFO]: [STDOUT]: custom.time_since_rest
[16:57:21] [EnvServerSocketHandler/INFO]: [STDOUT]: custom.play_one_minute
[16:57:21] [EnvServerSocketHandler/INFO]: [STDOUT]: custom.time_since_death
[16:57:21] [EnvServerSocketHandler/INFO]: [STDOUT]: custom.time_since_rest
[16:57:21] [EnvServerSocketHandler/INFO]: [STDOUT]: custom.play_one_minute
[16:57:21] [EnvServerSocketHandler/INFO]: [STDOUT]: custom.time_since_death
[16:57:21] [EnvServerSocketHandler/INFO]: [STDOUT]: custom.time_since_rest
[16:57:21] [EnvServerSocketHandler/INFO]: [STDOUT]: custom.play_one_minute
[16:57:21] [EnvServerSocketHandler/INFO]: [STDOUT]: custom.time_since_death
[16:58:40] [EnvServerSocketHandler/INFO]: [STDOUT]: *** Stopping the replay, returning control to the inputs
