[10:24:11] [Thread-4/INFO]: [STDOUT]: SERVER enter state: DORMANT
[10:24:11] [EnvServerSocketHandler/INFO]: Received Mission token 5c01fbc1-b895-4493-bcff-140300c084ee:0:0:1:true:123
[10:24:11] [EnvServerSocketHandler/INFO]: Received mission init command  <MissionInit xmlns="http://ProjectMalmo.microsoft.com" xmlns:xsi="http://www.w3.org/2001/XMLSchema-instance" SchemaVersion="" PlatformVersion="0.37.0"><Mission><About><Summary>MineRLHumanSurvival-v0</Summary></About><ModSettings><MsPerTick>50</MsPerTick></ModSettings><ServerSection><ServerInitialConditions><Time><AllowPassageOfTime>true</AllowPassageOfTime></Time><AllowSpawning>true</AllowSpawning></ServerInitialConditions><ServerHandlers><DefaultWorldGenerator forceReset="true" generatorOptions="{}"/><ServerQuitWhenAnyAgentFinishes/></ServerHandlers></ServerSection><AgentSection mode="Survival"><Name>MineRLAgent0</Name><AgentStart><LowLevelInputs>true</LowLevelInputs><GuiScale>1.0</GuiScale><GammaSetting>2.0</GammaSetting><FOVSetting>70.0</FOVSetting><FakeCursorSize>16</FakeCursorSize></AgentStart><AgentHandlers><FileBasedPerformanceProducer/><PauseCommand/><VideoProducer want_depth="false"><Width>640</Width><Height>360</Height></VideoProducer><ObservationFromFullInventory flat="false"/><ObservationFromEquippedItem/><ObservationFromFullStats/><ObservationFromFullStats/><HumanLevelCommands/><CameraCommands/><IsGuiOpen/></AgentHandlers></AgentSection></Mission><ExperimentUID>5c01fbc1-b895-4493-bcff-140300c084ee</ExperimentUID><ClientRole>0</ClientRole><ClientAgentConnection><ClientIPAddress>127.0.0.1</ClientIPAddress><ClientMissionControlPort>0</ClientMissionControlPort><ClientCommandsPort>0</ClientCommandsPort><AgentIPAddress>127.0.0.1</AgentIPAddress><AgentMissionControlPort>0</AgentMissionControlPort><AgentVideoPort>0</AgentVideoPort><AgentDepthPort>0</AgentDepthPort><AgentLuminancePort>0</AgentLuminancePort><AgentObservationsPort>0</AgentObservationsPort><AgentRewardsPort>0</AgentRewardsPort><AgentColourMapPort>0</AgentColourMapPort></ClientAgentConnection></MissionInit>
[10:24:11] [EnvServerSocketHandler/INFO]: [STDOUT]: Setting width, height to 640, 360
[10:24:11] [EnvServerSocketHandler/INFO]: [STDOUT]: Gamma: 2.0
[10:24:11] [EnvServerSocketHandler/INFO]: [STDOUT]: FOV: 70.0
[10:24:11] [EnvServerSocketHandler/INFO]: [STDOUT]: GuiScale: 1.0
[10:24:11] [Render thread/WARN]: Ambiguity between arguments [teleport, destination] and [teleport, targets] with inputs: [Player, 0123, @e, dd12be42-52a9-4a91-a8a1-11c01849e498]
[10:24:11] [Render thread/WARN]: Ambiguity between arguments [teleport, location] and [teleport, destination] with inputs: [0.1 -0.5 .9, 0 0 0]
[10:24:11] [Render thread/WARN]: Ambiguity between arguments [teleport, location] and [teleport, targets] with inputs: [0.1 -0.5 .9, 0 0 0]
[10:24:11] [Render thread/WARN]: Ambiguity between arguments [teleport, targets] and [teleport, destination] with inputs: [Player, 0123, dd12be42-52a9-4a91-a8a1-11c01849e498]
[10:24:11] [Render thread/WARN]: Ambiguity between arguments [teleport, targets, location] and [teleport, targets, destination] with inputs: [0.1 -0.5 .9, 0 0 0]
[10:24:11] [Render thread/INFO]: Reloading ResourceManager: Default
[10:24:11] [Render thread/INFO]: Loaded 7 recipes
[10:24:11] [Render thread/INFO]: Loaded 927 advancements
[10:24:12] [Render thread/INFO]: Environment: authHost='https://authserver.mojang.com', accountsHost='https://api.mojang.com', sessionHost='https://sessionserver.mojang.com', servicesHost='https://api.minecraftservices.com', name='PROD'
[10:24:12] [Render thread/INFO]: Starting integrated minecraft server version 1.16.5
[10:24:12] [Render thread/INFO]: Generating keypair
[10:24:13] [Render thread/INFO]: Preparing start region for dimension minecraft:overworld
[10:24:16] [Render thread/INFO]: Changing view distance to 11, from 10
[10:24:16] [Render thread/INFO]: MineRLAgent0[local:E:0a694c3a] logged in with entity id 149 at (-365.5, 63.0, -229.5)
[10:24:16] [Render thread/INFO]: MineRLAgent0 joined the game
[10:24:16] [Render thread/INFO]: Preparing spawn area: 0%
[10:24:16] [Render thread/INFO]: Time elapsed: 3 ms
[10:24:16] [Render thread/INFO]: [STDOUT]: *** creating fake mouse cursor ***
[10:24:16] [Render thread/INFO]: [STDOUT]: Starting new video null
[10:24:16] [Render thread/INFO]: Saving and pausing game...
[10:24:16] [Render thread/INFO]: Saving chunks for level 'ServerLevel[mcpworldee8150aaf439]'/minecraft:overworld
[10:24:17] [Render thread/INFO]: Saving chunks for level 'ServerLevel[mcpworldee8150aaf439]'/minecraft:the_nether
[10:24:17] [Render thread/INFO]: Saving chunks for level 'ServerLevel[mcpworldee8150aaf439]'/minecraft:the_end
[10:24:17] [Render thread/INFO]: Loaded 0 advancements
[10:24:23] [EnvServerSocketHandler/INFO]: [STDOUT]: *** Stopping the replay, returning control to the inputs
