[11:38:20] [Thread-4/INFO]: [STDOUT]: SERVER enter state: DORMANT
[11:38:20] [EnvServerSocketHandler/INFO]: Received Mission token 3c6ee4e4-965f-424b-905c-052c0a2ebd31:0:0:1:true:123
[11:38:20] [EnvServerSocketHandler/INFO]: Received mission init command  <MissionInit xmlns="http://ProjectMalmo.microsoft.com" xmlns:xsi="http://www.w3.org/2001/XMLSchema-instance" SchemaVersion="" PlatformVersion="0.37.0"><Mission><About><Summary>MineRLHumanSurvival-v0</Summary></About><ModSettings><MsPerTick>50</MsPerTick></ModSettings><ServerSection><ServerInitialConditions><Time><AllowPassageOfTime>true</AllowPassageOfTime></Time><AllowSpawning>true</AllowSpawning></ServerInitialConditions><ServerHandlers><DefaultWorldGenerator forceReset="true" generatorOptions="{}"/><ServerQuitWhenAnyAgentFinishes/></ServerHandlers></ServerSection><AgentSection mode="Survival"><Name>MineRLAgent0</Name><AgentStart><LowLevelInputs>true</LowLevelInputs><GuiScale>1.0</GuiScale><GammaSetting>2.0</GammaSetting><FOVSetting>70.0</FOVSetting><FakeCursorSize>16</FakeCursorSize></AgentStart><AgentHandlers><FileBasedPerformanceProducer/><PauseCommand/><VideoProducer want_depth="false"><Width>640</Width><Height>360</Height></VideoProducer><ObservationFromFullInventory flat="false"/><ObservationFromEquippedItem/><ObservationFromFullStats/><ObservationFromFullStats/><HumanLevelCommands/><CameraCommands/><IsGuiOpen/></AgentHandlers></AgentSection></Mission><ExperimentUID>3c6ee4e4-965f-424b-905c-052c0a2ebd31</ExperimentUID><ClientRole>0</ClientRole><ClientAgentConnection><ClientIPAddress>127.0.0.1</ClientIPAddress><ClientMissionControlPort>0</ClientMissionControlPort><ClientCommandsPort>0</ClientCommandsPort><AgentIPAddress>127.0.0.1</AgentIPAddress><AgentMissionControlPort>0</AgentMissionControlPort><AgentVideoPort>0</AgentVideoPort><AgentDepthPort>0</AgentDepthPort><AgentLuminancePort>0</AgentLuminancePort><AgentObservationsPort>0</AgentObservationsPort><AgentRewardsPort>0</AgentRewardsPort><AgentColourMapPort>0</AgentColourMapPort></ClientAgentConnection></MissionInit>
[11:38:20] [EnvServerSocketHandler/INFO]: [STDOUT]: Setting width, height to 640, 360
[11:38:20] [EnvServerSocketHandler/INFO]: [STDOUT]: Gamma: 2.0
[11:38:20] [EnvServerSocketHandler/INFO]: [STDOUT]: FOV: 70.0
[11:38:20] [EnvServerSocketHandler/INFO]: [STDOUT]: GuiScale: 1.0
[11:38:21] [Render thread/WARN]: Ambiguity between arguments [teleport, destination] and [teleport, targets] with inputs: [Player, 0123, @e, dd12be42-52a9-4a91-a8a1-11c01849e498]
[11:38:21] [Render thread/WARN]: Ambiguity between arguments [teleport, location] and [teleport, destination] with inputs: [0.1 -0.5 .9, 0 0 0]
[11:38:21] [Render thread/WARN]: Ambiguity between arguments [teleport, location] and [teleport, targets] with inputs: [0.1 -0.5 .9, 0 0 0]
[11:38:21] [Render thread/WARN]: Ambiguity between arguments [teleport, targets] and [teleport, destination] with inputs: [Player, 0123, dd12be42-52a9-4a91-a8a1-11c01849e498]
[11:38:21] [Render thread/WARN]: Ambiguity between arguments [teleport, targets, location] and [teleport, targets, destination] with inputs: [0.1 -0.5 .9, 0 0 0]
[11:38:21] [Render thread/INFO]: Reloading ResourceManager: Default
[11:38:21] [Render thread/INFO]: Loaded 7 recipes
[11:38:21] [Render thread/INFO]: Loaded 927 advancements
[11:38:22] [Render thread/INFO]: Environment: authHost='https://authserver.mojang.com', accountsHost='https://api.mojang.com', sessionHost='https://sessionserver.mojang.com', servicesHost='https://api.minecraftservices.com', name='PROD'
[11:38:22] [Render thread/INFO]: Starting integrated minecraft server version 1.16.5
[11:38:22] [Render thread/INFO]: Generating keypair
[11:38:23] [Render thread/INFO]: Preparing start region for dimension minecraft:overworld
[11:38:25] [Render thread/INFO]: Changing view distance to 11, from 10
[11:38:26] [Render thread/INFO]: MineRLAgent0[local:E:1e9612ca] logged in with entity id 146 at (-365.5, 63.0, -229.5)
[11:38:26] [Render thread/INFO]: MineRLAgent0 joined the game
[11:38:26] [Render thread/INFO]: [STDOUT]: *** creating fake mouse cursor ***
[11:38:26] [Render thread/INFO]: Preparing spawn area: 0%
[11:38:26] [Render thread/INFO]: Time elapsed: 2 ms
[11:38:26] [Render thread/INFO]: [STDOUT]: Starting new video null
[11:38:26] [Render thread/INFO]: Saving and pausing game...
[11:38:26] [Render thread/INFO]: Saving chunks for level 'ServerLevel[mcpworld0aabb85df94b]'/minecraft:overworld
[11:38:26] [Render thread/INFO]: Saving chunks for level 'ServerLevel[mcpworld0aabb85df94b]'/minecraft:the_nether
[11:38:26] [Render thread/INFO]: Saving chunks for level 'ServerLevel[mcpworld0aabb85df94b]'/minecraft:the_end
[11:38:26] [Render thread/INFO]: Loaded 0 advancements
[11:38:29] [EnvServerSocketHandler/INFO]: [STDOUT]: custom.time_since_rest
[11:38:29] [EnvServerSocketHandler/INFO]: [STDOUT]: custom.play_one_minute
[11:38:29] [EnvServerSocketHandler/INFO]: [STDOUT]: custom.time_since_death
[11:38:29] [EnvServerSocketHandler/INFO]: [STDOUT]: custom.time_since_rest
[11:38:29] [EnvServerSocketHandler/INFO]: [STDOUT]: custom.play_one_minute
[11:38:29] [EnvServerSocketHandler/INFO]: [STDOUT]: custom.time_since_death
[11:38:29] [EnvServerSocketHandler/INFO]: [STDOUT]: custom.time_since_rest
[11:38:29] [EnvServerSocketHandler/INFO]: [STDOUT]: custom.play_one_minute
[11:38:29] [EnvServerSocketHandler/INFO]: [STDOUT]: custom.time_since_death
[11:38:29] [EnvServerSocketHandler/INFO]: [STDOUT]: custom.time_since_rest
[11:38:29] [EnvServerSocketHandler/INFO]: [STDOUT]: custom.play_one_minute
[11:38:29] [EnvServerSocketHandler/INFO]: [STDOUT]: custom.time_since_death
[11:38:29] [EnvServerSocketHandler/INFO]: [STDOUT]: custom.time_since_rest
[11:38:29] [EnvServerSocketHandler/INFO]: [STDOUT]: custom.play_one_minute
[11:38:29] [EnvServerSocketHandler/INFO]: [STDOUT]: custom.time_since_death
[11:38:29] [EnvServerSocketHandler/INFO]: [STDOUT]: custom.time_since_rest
[11:38:29] [EnvServerSocketHandler/INFO]: [STDOUT]: custom.play_one_minute
[11:38:29] [EnvServerSocketHandler/INFO]: [STDOUT]: custom.time_since_death
[11:38:29] [EnvServerSocketHandler/INFO]: [STDOUT]: custom.time_since_rest
[11:38:29] [EnvServerSocketHandler/INFO]: [STDOUT]: custom.play_one_minute
[11:38:29] [EnvServerSocketHandler/INFO]: [STDOUT]: custom.time_since_death
[11:38:30] [EnvServerSocketHandler/INFO]: [STDOUT]: custom.time_since_rest
[11:38:30] [EnvServerSocketHandler/INFO]: [STDOUT]: custom.play_one_minute
[11:38:30] [EnvServerSocketHandler/INFO]: [STDOUT]: custom.time_since_death
[11:38:30] [EnvServerSocketHandler/INFO]: [STDOUT]: custom.time_since_rest
[11:38:30] [EnvServerSocketHandler/INFO]: [STDOUT]: custom.play_one_minute
[11:38:30] [EnvServerSocketHandler/INFO]: [STDOUT]: custom.time_since_death
[11:38:30] [EnvServerSocketHandler/INFO]: [STDOUT]: custom.time_since_rest
[11:38:30] [EnvServerSocketHandler/INFO]: [STDOUT]: custom.play_one_minute
[11:38:30] [EnvServerSocketHandler/INFO]: [STDOUT]: custom.time_since_death
[11:38:30] [EnvServerSocketHandler/INFO]: [STDOUT]: custom.time_since_rest
[11:38:30] [EnvServerSocketHandler/INFO]: [STDOUT]: custom.play_one_minute
[11:38:30] [EnvServerSocketHandler/INFO]: [STDOUT]: custom.time_since_death
[11:38:30] [EnvServerSocketHandler/INFO]: [STDOUT]: custom.time_since_rest
[11:38:30] [EnvServerSocketHandler/INFO]: [STDOUT]: custom.play_one_minute
[11:38:30] [EnvServerSocketHandler/INFO]: [STDOUT]: custom.time_since_death
[11:38:30] [EnvServerSocketHandler/INFO]: [STDOUT]: custom.time_since_rest
[11:38:30] [EnvServerSocketHandler/INFO]: [STDOUT]: custom.play_one_minute
[11:38:30] [EnvServerSocketHandler/INFO]: [STDOUT]: custom.time_since_death
[11:38:31] [EnvServerSocketHandler/INFO]: [STDOUT]: custom.time_since_rest
[11:38:31] [EnvServerSocketHandler/INFO]: [STDOUT]: custom.play_one_minute
[11:38:31] [EnvServerSocketHandler/INFO]: [STDOUT]: custom.time_since_death
[11:38:31] [EnvServerSocketHandler/INFO]: [STDOUT]: custom.time_since_rest
[11:38:31] [EnvServerSocketHandler/INFO]: [STDOUT]: custom.play_one_minute
[11:38:31] [EnvServerSocketHandler/INFO]: [STDOUT]: custom.time_since_death
[11:38:31] [EnvServerSocketHandler/INFO]: [STDOUT]: custom.time_since_rest
[11:38:31] [EnvServerSocketHandler/INFO]: [STDOUT]: custom.play_one_minute
[11:38:31] [EnvServerSocketHandler/INFO]: [STDOUT]: custom.time_since_death
[11:38:32] [EnvServerSocketHandler/INFO]: [STDOUT]: custom.time_since_rest
[11:38:32] [EnvServerSocketHandler/INFO]: [STDOUT]: custom.play_one_minute
[11:38:32] [EnvServerSocketHandler/INFO]: [STDOUT]: custom.time_since_death
[11:38:33] [EnvServerSocketHandler/INFO]: [STDOUT]: custom.time_since_rest
[11:38:33] [EnvServerSocketHandler/INFO]: [STDOUT]: custom.play_one_minute
[11:38:33] [EnvServerSocketHandler/INFO]: [STDOUT]: custom.time_since_death
[11:38:33] [EnvServerSocketHandler/INFO]: [STDOUT]: custom.time_since_rest
[11:38:33] [EnvServerSocketHandler/INFO]: [STDOUT]: custom.play_one_minute
[11:38:33] [EnvServerSocketHandler/INFO]: [STDOUT]: custom.time_since_death
[11:38:33] [EnvServerSocketHandler/INFO]: [STDOUT]: custom.time_since_rest
[11:38:33] [EnvServerSocketHandler/INFO]: [STDOUT]: custom.play_one_minute
[11:38:33] [EnvServerSocketHandler/INFO]: [STDOUT]: custom.time_since_death
[11:38:33] [EnvServerSocketHandler/INFO]: [STDOUT]: custom.time_since_rest
[11:38:33] [EnvServerSocketHandler/INFO]: [STDOUT]: custom.play_one_minute
[11:38:33] [EnvServerSocketHandler/INFO]: [STDOUT]: custom.time_since_death
[11:38:34] [EnvServerSocketHandler/INFO]: [STDOUT]: custom.time_since_rest
[11:38:34] [EnvServerSocketHandler/INFO]: [STDOUT]: custom.play_one_minute
[11:38:34] [EnvServerSocketHandler/INFO]: [STDOUT]: custom.time_since_death
[11:38:34] [EnvServerSocketHandler/INFO]: [STDOUT]: custom.time_since_rest
[11:38:34] [EnvServerSocketHandler/INFO]: [STDOUT]: custom.play_one_minute
[11:38:34] [EnvServerSocketHandler/INFO]: [STDOUT]: custom.time_since_death
[11:38:34] [EnvServerSocketHandler/INFO]: [STDOUT]: custom.time_since_rest
[11:38:34] [EnvServerSocketHandler/INFO]: [STDOUT]: custom.play_one_minute
[11:38:34] [EnvServerSocketHandler/INFO]: [STDOUT]: custom.time_since_death
[11:38:34] [EnvServerSocketHandler/INFO]: [STDOUT]: custom.sneak_time
[11:38:34] [EnvServerSocketHandler/INFO]: [STDOUT]: custom.time_since_rest
[11:38:34] [EnvServerSocketHandler/INFO]: [STDOUT]: custom.play_one_minute
[11:38:34] [EnvServerSocketHandler/INFO]: [STDOUT]: custom.time_since_death
[11:38:34] [EnvServerSocketHandler/INFO]: [STDOUT]: custom.sneak_time
[11:38:35] [EnvServerSocketHandler/INFO]: [STDOUT]: custom.time_since_rest
[11:38:35] [EnvServerSocketHandler/INFO]: [STDOUT]: custom.play_one_minute
[11:38:35] [EnvServerSocketHandler/INFO]: [STDOUT]: custom.time_since_death
[11:38:35] [EnvServerSocketHandler/INFO]: [STDOUT]: custom.sneak_time
[11:38:35] [EnvServerSocketHandler/INFO]: [STDOUT]: custom.time_since_rest
[11:38:35] [EnvServerSocketHandler/INFO]: [STDOUT]: custom.play_one_minute
[11:38:35] [EnvServerSocketHandler/INFO]: [STDOUT]: custom.time_since_death
[11:38:35] [EnvServerSocketHandler/INFO]: [STDOUT]: custom.sneak_time
[11:38:35] [EnvServerSocketHandler/INFO]: [STDOUT]: custom.time_since_rest
[11:38:35] [EnvServerSocketHandler/INFO]: [STDOUT]: custom.play_one_minute
[11:38:35] [EnvServerSocketHandler/INFO]: [STDOUT]: custom.time_since_death
[11:38:35] [EnvServerSocketHandler/INFO]: [STDOUT]: custom.sneak_time
[11:38:35] [EnvServerSocketHandler/INFO]: [STDOUT]: custom.time_since_rest
[11:38:35] [EnvServerSocketHandler/INFO]: [STDOUT]: custom.play_one_minute
[11:38:35] [EnvServerSocketHandler/INFO]: [STDOUT]: custom.time_since_death
[11:38:35] [EnvServerSocketHandler/INFO]: [STDOUT]: custom.sneak_time
[11:38:35] [EnvServerSocketHandler/INFO]: [STDOUT]: custom.time_since_rest
[11:38:35] [EnvServerSocketHandler/INFO]: [STDOUT]: custom.play_one_minute
[11:38:35] [EnvServerSocketHandler/INFO]: [STDOUT]: custom.time_since_death
[11:38:35] [EnvServerSocketHandler/INFO]: [STDOUT]: custom.sneak_time
[11:38:36] [EnvServerSocketHandler/INFO]: [STDOUT]: custom.time_since_rest
[11:38:36] [EnvServerSocketHandler/INFO]: [STDOUT]: custom.play_one_minute
[11:38:36] [EnvServerSocketHandler/INFO]: [STDOUT]: custom.time_since_death
[11:38:36] [EnvServerSocketHandler/INFO]: [STDOUT]: custom.sneak_time
[11:38:36] [EnvServerSocketHandler/INFO]: [STDOUT]: custom.time_since_rest
[11:38:36] [EnvServerSocketHandler/INFO]: [STDOUT]: custom.play_one_minute
[11:38:36] [EnvServerSocketHandler/INFO]: [STDOUT]: custom.time_since_death
[11:38:36] [EnvServerSocketHandler/INFO]: [STDOUT]: custom.sneak_time
[11:38:36] [EnvServerSocketHandler/INFO]: [STDOUT]: custom.time_since_rest
[11:38:36] [EnvServerSocketHandler/INFO]: [STDOUT]: custom.play_one_minute
[11:38:36] [EnvServerSocketHandler/INFO]: [STDOUT]: custom.time_since_death
[11:38:36] [EnvServerSocketHandler/INFO]: [STDOUT]: custom.sneak_time
[11:38:36] [EnvServerSocketHandler/INFO]: [STDOUT]: custom.time_since_rest
[11:38:36] [EnvServerSocketHandler/INFO]: [STDOUT]: custom.play_one_minute
[11:38:36] [EnvServerSocketHandler/INFO]: [STDOUT]: custom.time_since_death
[11:38:36] [EnvServerSocketHandler/INFO]: [STDOUT]: custom.sneak_time
[11:38:37] [EnvServerSocketHandler/INFO]: [STDOUT]: custom.time_since_rest
[11:38:37] [EnvServerSocketHandler/INFO]: [STDOUT]: custom.play_one_minute
[11:38:37] [EnvServerSocketHandler/INFO]: [STDOUT]: custom.time_since_death
[11:38:37] [EnvServerSocketHandler/INFO]: [STDOUT]: custom.sneak_time
[11:38:37] [EnvServerSocketHandler/INFO]: [STDOUT]: custom.time_since_rest
[11:38:37] [EnvServerSocketHandler/INFO]: [STDOUT]: custom.play_one_minute
[11:38:37] [EnvServerSocketHandler/INFO]: [STDOUT]: custom.time_since_death
[11:38:37] [EnvServerSocketHandler/INFO]: [STDOUT]: custom.sneak_time
[11:38:37] [EnvServerSocketHandler/INFO]: [STDOUT]: custom.time_since_rest
[11:38:37] [EnvServerSocketHandler/INFO]: [STDOUT]: custom.play_one_minute
[11:38:37] [EnvServerSocketHandler/INFO]: [STDOUT]: custom.time_since_death
[11:38:37] [EnvServerSocketHandler/INFO]: [STDOUT]: custom.sneak_time
[11:39:50] [EnvServerSocketHandler/INFO]: [STDOUT]: *** Stopping the replay, returning control to the inputs
